<?xml version="1.0" encoding="UTF-8"?>
<!-- Generated by org.testng.reporters.JUnitReportReporter -->
<testsuite hostname="DESKTOP-RARCBNQ" failures="0" tests="1" name="com.juaracoding.rest.assured.TestGetProduct" time="3.682" errors="0" timestamp="2022-08-24T23:45:36 WIB" skipped="0">
  <testcase classname="com.juaracoding.rest.assured.TestGetProduct" name="testCategory" time="3.682"/>
  <system-out/>
</testsuite> <!-- com.juaracoding.rest.assured.TestGetProduct -->
