<?xml version="1.0" encoding="UTF-8"?>
<!-- Generated by org.testng.reporters.JUnitReportReporter -->
<testsuite hostname="DESKTOP-RARCBNQ" failures="0" tests="1" name="com.juaracoding.rest.assured.TestGetAllUser" time="3.123" errors="0" timestamp="2022-08-24T23:07:38 WIB" skipped="0">
  <testcase classname="com.juaracoding.rest.assured.TestGetAllUser" name="testStatusCode" time="3.123"/>
  <system-out/>
</testsuite> <!-- com.juaracoding.rest.assured.TestGetAllUser -->
