<?xml version="1.0" encoding="UTF-8"?>
<!-- Generated by org.testng.reporters.JUnitReportReporter -->
<testsuite hostname="DESKTOP-RARCBNQ" failures="0" tests="1" name="com.juaracoding.rest.posttest.TestPatchProduct" time="3.792" errors="0" timestamp="2022-08-27T12:13:25 WIB" skipped="0">
  <testcase classname="com.juaracoding.rest.posttest.TestPatchProduct" name="testPatch" time="3.792"/>
  <system-out/>
</testsuite> <!-- com.juaracoding.rest.posttest.TestPatchProduct -->
