<?xml version="1.0" encoding="UTF-8"?>
<!-- Generated by org.testng.reporters.JUnitReportReporter -->
<testsuite hostname="DESKTOP-RARCBNQ" failures="0" tests="1" name="com.juaracoding.rest.assured.TestGetProduct" time="4.875" errors="0" timestamp="2022-08-27T12:16:57 WIB" skipped="0">
  <testcase classname="com.juaracoding.rest.assured.TestGetProduct" name="testID" time="4.875"/>
  <system-out/>
</testsuite> <!-- com.juaracoding.rest.assured.TestGetProduct -->
