<?xml version="1.0" encoding="UTF-8"?>
<!-- Generated by org.testng.reporters.JUnitReportReporter -->
<testsuite hostname="DESKTOP-RARCBNQ" failures="0" tests="1" name="com.juaracoding.rest.posttest.TestPutProduct" time="3.409" errors="0" timestamp="2022-08-27T12:13:43 WIB" skipped="0">
  <testcase classname="com.juaracoding.rest.posttest.TestPutProduct" name="testPut" time="3.409"/>
  <system-out/>
</testsuite> <!-- com.juaracoding.rest.posttest.TestPutProduct -->
