<?xml version="1.0" encoding="UTF-8"?>
<!-- Generated by org.testng.reporters.JUnitReportReporter -->
<testsuite hostname="DESKTOP-RARCBNQ" failures="0" tests="1" name="com.juaracoding.rest.posttest.TestDeleteProduct" time="3.323" errors="0" timestamp="2022-08-27T12:15:01 WIB" skipped="0">
  <testcase classname="com.juaracoding.rest.posttest.TestDeleteProduct" name="testDelete" time="3.323"/>
  <system-out/>
</testsuite> <!-- com.juaracoding.rest.posttest.TestDeleteProduct -->
