<?xml version="1.0" encoding="UTF-8"?>
<!-- Generated by org.testng.reporters.JUnitReportReporter -->
<testsuite hostname="DESKTOP-RARCBNQ" failures="0" tests="1" name="com.juaracoding.rest.assured.TestPutProduct" time="3.161" errors="0" timestamp="2022-08-25T22:17:50 WIB" skipped="0">
  <testcase classname="com.juaracoding.rest.assured.TestPutProduct" name="testPost" time="3.161"/>
  <system-out/>
</testsuite> <!-- com.juaracoding.rest.assured.TestPutProduct -->
