<?xml version="1.0" encoding="UTF-8"?>
<!-- Generated by org.testng.reporters.JUnitReportReporter -->
<testsuite hostname="DESKTOP-RARCBNQ" failures="0" tests="1" name="com.juaracoding.rest.assured.TestPostProduct" time="2.981" errors="0" timestamp="2022-08-25T00:04:14 WIB" skipped="0">
  <testcase classname="com.juaracoding.rest.assured.TestPostProduct" name="testPost" time="2.981"/>
  <system-out/>
</testsuite> <!-- com.juaracoding.rest.assured.TestPostProduct -->
