<?xml version="1.0" encoding="UTF-8"?>
<!-- Generated by org.testng.reporters.JUnitReportReporter -->
<testsuite hostname="DESKTOP-RARCBNQ" failures="0" tests="1" name="com.juaracoding.rest.assured.TestPostProduct" time="3.088" errors="0" timestamp="2022-08-27T12:14:08 WIB" skipped="0">
  <testcase classname="com.juaracoding.rest.assured.TestPostProduct" name="testPost" time="3.088"/>
  <system-out/>
</testsuite> <!-- com.juaracoding.rest.assured.TestPostProduct -->
